<?xml version="1.0" encoding="UTF-8"?>
<!-- Generated by org.testng.reporters.JUnitReportReporter -->
<testsuite hostname="Admin" name="test.LoginTest" tests="2" failures="2" timestamp="25 Oct 2018 10:41:49 GMT" time="27.988" errors="0">
  <testcase name="testLogin" time="14.552" classname="test.LoginTest">
    <failure type="org.openqa.selenium.InvalidSelectorException" message="Locator Strategy &#039;css selector&#039; is not supported for this session
For documentation on this error, please visit: http://seleniumhq.org/exceptions/invalid_selector_exception.html
Build info: version: &#039;3.6.0&#039;, revision: &#039;6fbf3ec767&#039;, time: &#039;2017-09-27T15:28:36.4Z&#039;
System info: host: &#039;ADMIN&#039;, ip: &#039;192.168.1.204&#039;, os.name: &#039;Windows 10&#039;, os.arch: &#039;amd64&#039;, os.version: &#039;10.0&#039;, java.version: &#039;1.8.0_172&#039;
Driver info: io.appium.java_client.android.AndroidDriver
Capabilities [{appPackage=com.apitiny.administrator.hungcinema, deviceScreenSize=1080x2280, networkConnectionEnabled=true, warnings={}, databaseEnabled=false, deviceName=DRGGAM2852901101, platform=LINUX, deviceUDID=DRGGAM2852901101, appActivity=.activity.MainActivity, desired={appPackage=com.apitiny.administrator.hungcinema, appActivity=.activity.MainActivity, automationName=appium, autoGrantPermissions=true, platformName=Android, deviceName=MyAndroid, autoAcceptAlerts=true}, platformVersion=8.1.0, webStorageEnabled=false, locationContextEnabled=false, automationName=appium, takesScreenshot=true, autoGrantPermissions=true, javascriptEnabled=true, deviceModel=Nokia X6, deviceManufacturer=HMD Global, platformName=LINUX, autoAcceptAlerts=true}]
Session ID: f6a3410f-3535-473b-a414-e46a1eb8e3f8
*** Element info: {Using=id, value=btnUpload}">
      <![CDATA[org.openqa.selenium.InvalidSelectorException: Locator Strategy 'css selector' is not supported for this session
For documentation on this error, please visit: http://seleniumhq.org/exceptions/invalid_selector_exception.html
Build info: version: '3.6.0', revision: '6fbf3ec767', time: '2017-09-27T15:28:36.4Z'
System info: host: 'ADMIN', ip: '192.168.1.204', os.name: 'Windows 10', os.arch: 'amd64', os.version: '10.0', java.version: '1.8.0_172'
Driver info: io.appium.java_client.android.AndroidDriver
Capabilities [{appPackage=com.apitiny.administrator.hungcinema, deviceScreenSize=1080x2280, networkConnectionEnabled=true, warnings={}, databaseEnabled=false, deviceName=DRGGAM2852901101, platform=LINUX, deviceUDID=DRGGAM2852901101, appActivity=.activity.MainActivity, desired={appPackage=com.apitiny.administrator.hungcinema, appActivity=.activity.MainActivity, automationName=appium, autoGrantPermissions=true, platformName=Android, deviceName=MyAndroid, autoAcceptAlerts=true}, platformVersion=8.1.0, webStorageEnabled=false, locationContextEnabled=false, automationName=appium, takesScreenshot=true, autoGrantPermissions=true, javascriptEnabled=true, deviceModel=Nokia X6, deviceManufacturer=HMD Global, platformName=LINUX, autoAcceptAlerts=true}]
Session ID: f6a3410f-3535-473b-a414-e46a1eb8e3f8
*** Element info: {Using=id, value=btnUpload}
	at sun.reflect.NativeConstructorAccessorImpl.newInstance0(Native Method)
	at sun.reflect.NativeConstructorAccessorImpl.newInstance(NativeConstructorAccessorImpl.java:62)
	at sun.reflect.DelegatingConstructorAccessorImpl.newInstance(DelegatingConstructorAccessorImpl.java:45)
	at java.lang.reflect.Constructor.newInstance(Constructor.java:423)
	at org.openqa.selenium.remote.http.W3CHttpResponseCodec.createException(W3CHttpResponseCodec.java:185)
	at org.openqa.selenium.remote.http.W3CHttpResponseCodec.decode(W3CHttpResponseCodec.java:120)
	at org.openqa.selenium.remote.http.W3CHttpResponseCodec.decode(W3CHttpResponseCodec.java:49)
	at org.openqa.selenium.remote.HttpCommandExecutor.execute(HttpCommandExecutor.java:164)
	at io.appium.java_client.remote.AppiumCommandExecutor.execute(AppiumCommandExecutor.java:89)
	at org.openqa.selenium.remote.RemoteWebDriver.execute(RemoteWebDriver.java:586)
	at io.appium.java_client.DefaultGenericMobileDriver.execute(DefaultGenericMobileDriver.java:42)
	at io.appium.java_client.AppiumDriver.execute(AppiumDriver.java:1)
	at io.appium.java_client.android.AndroidDriver.execute(AndroidDriver.java:1)
	at org.openqa.selenium.remote.RemoteWebDriver.findElement(RemoteWebDriver.java:356)
	at io.appium.java_client.DefaultGenericMobileDriver.findElement(DefaultGenericMobileDriver.java:62)
	at io.appium.java_client.AppiumDriver.findElement(AppiumDriver.java:1)
	at io.appium.java_client.android.AndroidDriver.findElement(AndroidDriver.java:1)
	at org.openqa.selenium.remote.RemoteWebDriver.findElementById(RemoteWebDriver.java:402)
	at io.appium.java_client.DefaultGenericMobileDriver.findElementById(DefaultGenericMobileDriver.java:70)
	at io.appium.java_client.AppiumDriver.findElementById(AppiumDriver.java:1)
	at io.appium.java_client.android.AndroidDriver.findElementById(AndroidDriver.java:1)
	at org.openqa.selenium.By$ById.findElement(By.java:218)
	at org.openqa.selenium.remote.RemoteWebDriver.findElement(RemoteWebDriver.java:348)
	at io.appium.java_client.DefaultGenericMobileDriver.findElement(DefaultGenericMobileDriver.java:58)
	at io.appium.java_client.AppiumDriver.findElement(AppiumDriver.java:1)
	at io.appium.java_client.android.AndroidDriver.findElement(AndroidDriver.java:1)
	at page.MainPage.goToLoginPage(MainPage.java:22)
	at test.LoginTest.testLogin(LoginTest.java:19)
	at sun.reflect.NativeMethodAccessorImpl.invoke0(Native Method)
	at sun.reflect.NativeMethodAccessorImpl.invoke(NativeMethodAccessorImpl.java:62)
	at sun.reflect.DelegatingMethodAccessorImpl.invoke(DelegatingMethodAccessorImpl.java:43)
	at java.lang.reflect.Method.invoke(Method.java:498)
	at org.testng.internal.MethodInvocationHelper.invokeMethod(MethodInvocationHelper.java:80)
	at org.testng.internal.Invoker.invokeMethod(Invoker.java:714)
	at org.testng.internal.Invoker.retryFailed(Invoker.java:1049)
	at org.testng.internal.Invoker.invokeTestMethods(Invoker.java:1254)
	at org.testng.internal.TestMethodWorker.invokeTestMethods(TestMethodWorker.java:127)
	at org.testng.internal.TestMethodWorker.run(TestMethodWorker.java:111)
	at org.testng.TestRunner.privateRun(TestRunner.java:767)
	at org.testng.TestRunner.run(TestRunner.java:617)
	at org.testng.SuiteRunner.runTest(SuiteRunner.java:334)
	at org.testng.SuiteRunner.runSequentially(SuiteRunner.java:329)
	at org.testng.SuiteRunner.privateRun(SuiteRunner.java:291)
	at org.testng.SuiteRunner.run(SuiteRunner.java:240)
	at org.testng.SuiteRunnerWorker.runSuite(SuiteRunnerWorker.java:52)
	at org.testng.SuiteRunnerWorker.run(SuiteRunnerWorker.java:86)
	at org.testng.TestNG.runSuitesSequentially(TestNG.java:1198)
	at org.testng.TestNG.runSuitesLocally(TestNG.java:1123)
	at org.testng.TestNG.run(TestNG.java:1031)
	at org.apache.maven.surefire.testng.TestNGExecutor.run(TestNGExecutor.java:283)
	at org.apache.maven.surefire.testng.TestNGXmlTestSuite.execute(TestNGXmlTestSuite.java:75)
	at org.apache.maven.surefire.testng.TestNGProvider.invoke(TestNGProvider.java:120)
	at org.apache.maven.surefire.booter.ForkedBooter.invokeProviderInSameClassLoader(ForkedBooter.java:379)
	at org.apache.maven.surefire.booter.ForkedBooter.runSuitesInProcess(ForkedBooter.java:340)
	at org.apache.maven.surefire.booter.ForkedBooter.execute(ForkedBooter.java:125)
	at org.apache.maven.surefire.booter.ForkedBooter.main(ForkedBooter.java:413)
]]>
    </failure>
  </testcase> <!-- testLogin -->
  <testcase name="testLogin" time="13.436" classname="test.LoginTest">
    <failure type="org.openqa.selenium.InvalidSelectorException" message="Locator Strategy &#039;css selector&#039; is not supported for this session
For documentation on this error, please visit: http://seleniumhq.org/exceptions/invalid_selector_exception.html
Build info: version: &#039;3.6.0&#039;, revision: &#039;6fbf3ec767&#039;, time: &#039;2017-09-27T15:28:36.4Z&#039;
System info: host: &#039;ADMIN&#039;, ip: &#039;192.168.1.204&#039;, os.name: &#039;Windows 10&#039;, os.arch: &#039;amd64&#039;, os.version: &#039;10.0&#039;, java.version: &#039;1.8.0_172&#039;
Driver info: io.appium.java_client.android.AndroidDriver
Capabilities [{appPackage=com.apitiny.administrator.hungcinema, deviceScreenSize=1080x2280, networkConnectionEnabled=true, warnings={}, databaseEnabled=false, deviceName=DRGGAM2852901101, platform=LINUX, deviceUDID=DRGGAM2852901101, appActivity=.activity.MainActivity, desired={appPackage=com.apitiny.administrator.hungcinema, appActivity=.activity.MainActivity, automationName=appium, autoGrantPermissions=true, platformName=Android, deviceName=MyAndroid, autoAcceptAlerts=true}, platformVersion=8.1.0, webStorageEnabled=false, locationContextEnabled=false, automationName=appium, takesScreenshot=true, autoGrantPermissions=true, javascriptEnabled=true, deviceModel=Nokia X6, deviceManufacturer=HMD Global, platformName=LINUX, autoAcceptAlerts=true}]
Session ID: 15431f1b-9806-4bfa-ad35-b09e277ee9d1
*** Element info: {Using=id, value=btnUpload}">
      <![CDATA[org.openqa.selenium.InvalidSelectorException: Locator Strategy 'css selector' is not supported for this session
For documentation on this error, please visit: http://seleniumhq.org/exceptions/invalid_selector_exception.html
Build info: version: '3.6.0', revision: '6fbf3ec767', time: '2017-09-27T15:28:36.4Z'
System info: host: 'ADMIN', ip: '192.168.1.204', os.name: 'Windows 10', os.arch: 'amd64', os.version: '10.0', java.version: '1.8.0_172'
Driver info: io.appium.java_client.android.AndroidDriver
Capabilities [{appPackage=com.apitiny.administrator.hungcinema, deviceScreenSize=1080x2280, networkConnectionEnabled=true, warnings={}, databaseEnabled=false, deviceName=DRGGAM2852901101, platform=LINUX, deviceUDID=DRGGAM2852901101, appActivity=.activity.MainActivity, desired={appPackage=com.apitiny.administrator.hungcinema, appActivity=.activity.MainActivity, automationName=appium, autoGrantPermissions=true, platformName=Android, deviceName=MyAndroid, autoAcceptAlerts=true}, platformVersion=8.1.0, webStorageEnabled=false, locationContextEnabled=false, automationName=appium, takesScreenshot=true, autoGrantPermissions=true, javascriptEnabled=true, deviceModel=Nokia X6, deviceManufacturer=HMD Global, platformName=LINUX, autoAcceptAlerts=true}]
Session ID: 15431f1b-9806-4bfa-ad35-b09e277ee9d1
*** Element info: {Using=id, value=btnUpload}
	at sun.reflect.NativeConstructorAccessorImpl.newInstance0(Native Method)
	at sun.reflect.NativeConstructorAccessorImpl.newInstance(NativeConstructorAccessorImpl.java:62)
	at sun.reflect.DelegatingConstructorAccessorImpl.newInstance(DelegatingConstructorAccessorImpl.java:45)
	at java.lang.reflect.Constructor.newInstance(Constructor.java:423)
	at org.openqa.selenium.remote.http.W3CHttpResponseCodec.createException(W3CHttpResponseCodec.java:185)
	at org.openqa.selenium.remote.http.W3CHttpResponseCodec.decode(W3CHttpResponseCodec.java:120)
	at org.openqa.selenium.remote.http.W3CHttpResponseCodec.decode(W3CHttpResponseCodec.java:49)
	at org.openqa.selenium.remote.HttpCommandExecutor.execute(HttpCommandExecutor.java:164)
	at io.appium.java_client.remote.AppiumCommandExecutor.execute(AppiumCommandExecutor.java:89)
	at org.openqa.selenium.remote.RemoteWebDriver.execute(RemoteWebDriver.java:586)
	at io.appium.java_client.DefaultGenericMobileDriver.execute(DefaultGenericMobileDriver.java:42)
	at io.appium.java_client.AppiumDriver.execute(AppiumDriver.java:1)
	at io.appium.java_client.android.AndroidDriver.execute(AndroidDriver.java:1)
	at org.openqa.selenium.remote.RemoteWebDriver.findElement(RemoteWebDriver.java:356)
	at io.appium.java_client.DefaultGenericMobileDriver.findElement(DefaultGenericMobileDriver.java:62)
	at io.appium.java_client.AppiumDriver.findElement(AppiumDriver.java:1)
	at io.appium.java_client.android.AndroidDriver.findElement(AndroidDriver.java:1)
	at org.openqa.selenium.remote.RemoteWebDriver.findElementById(RemoteWebDriver.java:402)
	at io.appium.java_client.DefaultGenericMobileDriver.findElementById(DefaultGenericMobileDriver.java:70)
	at io.appium.java_client.AppiumDriver.findElementById(AppiumDriver.java:1)
	at io.appium.java_client.android.AndroidDriver.findElementById(AndroidDriver.java:1)
	at org.openqa.selenium.By$ById.findElement(By.java:218)
	at org.openqa.selenium.remote.RemoteWebDriver.findElement(RemoteWebDriver.java:348)
	at io.appium.java_client.DefaultGenericMobileDriver.findElement(DefaultGenericMobileDriver.java:58)
	at io.appium.java_client.AppiumDriver.findElement(AppiumDriver.java:1)
	at io.appium.java_client.android.AndroidDriver.findElement(AndroidDriver.java:1)
	at page.MainPage.goToLoginPage(MainPage.java:22)
	at test.LoginTest.testLogin(LoginTest.java:19)
	at sun.reflect.NativeMethodAccessorImpl.invoke0(Native Method)
	at sun.reflect.NativeMethodAccessorImpl.invoke(NativeMethodAccessorImpl.java:62)
	at sun.reflect.DelegatingMethodAccessorImpl.invoke(DelegatingMethodAccessorImpl.java:43)
	at java.lang.reflect.Method.invoke(Method.java:498)
	at org.testng.internal.MethodInvocationHelper.invokeMethod(MethodInvocationHelper.java:80)
	at org.testng.internal.Invoker.invokeMethod(Invoker.java:714)
	at org.testng.internal.Invoker.invokeTestMethod(Invoker.java:901)
	at org.testng.internal.Invoker.invokeTestMethods(Invoker.java:1231)
	at org.testng.internal.TestMethodWorker.invokeTestMethods(TestMethodWorker.java:127)
	at org.testng.internal.TestMethodWorker.run(TestMethodWorker.java:111)
	at org.testng.TestRunner.privateRun(TestRunner.java:767)
	at org.testng.TestRunner.run(TestRunner.java:617)
	at org.testng.SuiteRunner.runTest(SuiteRunner.java:334)
	at org.testng.SuiteRunner.runSequentially(SuiteRunner.java:329)
	at org.testng.SuiteRunner.privateRun(SuiteRunner.java:291)
	at org.testng.SuiteRunner.run(SuiteRunner.java:240)
	at org.testng.SuiteRunnerWorker.runSuite(SuiteRunnerWorker.java:52)
	at org.testng.SuiteRunnerWorker.run(SuiteRunnerWorker.java:86)
	at org.testng.TestNG.runSuitesSequentially(TestNG.java:1198)
	at org.testng.TestNG.runSuitesLocally(TestNG.java:1123)
	at org.testng.TestNG.run(TestNG.java:1031)
	at org.apache.maven.surefire.testng.TestNGExecutor.run(TestNGExecutor.java:283)
	at org.apache.maven.surefire.testng.TestNGXmlTestSuite.execute(TestNGXmlTestSuite.java:75)
	at org.apache.maven.surefire.testng.TestNGProvider.invoke(TestNGProvider.java:120)
	at org.apache.maven.surefire.booter.ForkedBooter.invokeProviderInSameClassLoader(ForkedBooter.java:379)
	at org.apache.maven.surefire.booter.ForkedBooter.runSuitesInProcess(ForkedBooter.java:340)
	at org.apache.maven.surefire.booter.ForkedBooter.execute(ForkedBooter.java:125)
	at org.apache.maven.surefire.booter.ForkedBooter.main(ForkedBooter.java:413)
]]>
    </failure>
  </testcase> <!-- testLogin -->
</testsuite> <!-- test.LoginTest -->
